# JRE version: OpenJDK Runtime Environment (15.0.1+9) (build 15.0.1+9-18)
# Java VM: OpenJDK 64-Bit Server VM (15.0.1+9-18, mixed mode, sharing, tiered, compressed oops, g1 gc, windows-amd64)
GC Precious Log:
 CPUs: 4 total, 4 available
 Memory: 8066M
 Large Page Support: Disabled
 NUMA Support: Disabled
 Compressed Oops: Enabled (32-bit)
 Heap Region Size: 1M
 Heap Min Capacity: 256M
 Heap Initial Capacity: 256M
 Heap Max Capacity: 512M
 Pre-touch: Disabled
 Parallel Workers: 4
 Concurrent Workers: 1
 Concurrent Refinement Workers: 4
 Periodic GC: Disabled
Heap:
 garbage-first heap   total 350208K, used 279119K [0x00000000e0000000, 0x0000000100000000)
  region size 1024K, 119 young (121856K), 10 survivors (10240K)
 Metaspace       used 121961K, capacity 124941K, committed 125084K, reserved 364544K
  class space    used 14213K, capacity 15084K, committed 15104K, reserved 253952K
GC Heap History (20 events):
Event: 7365.037 GC heap before
{Heap before GC invocations=130 (full 0):
 garbage-first heap   total 350208K, used 293348K [0x00000000e0000000, 0x0000000100000000)
  region size 1024K, 131 young (134144K), 11 survivors (11264K)
 Metaspace       used 121764K, capacity 124743K, committed 124828K, reserved 364544K
  class space    used 14194K, capacity 15083K, committed 15104K, reserved 253952K
}
Event: 7365.052 GC heap after
{Heap after GC invocations=131 (full 0):
 garbage-first heap   total 350208K, used 171321K [0x00000000e0000000, 0x0000000100000000)
  region size 1024K, 7 young (7168K), 7 survivors (7168K)
 Metaspace       used 121764K, capacity 124743K, committed 124828K, reserved 364544K
  class space    used 14194K, capacity 15083K, committed 15104K, reserved 253952K
}
Event: 7366.810 GC heap before
{Heap before GC invocations=132 (full 0):
 garbage-first heap   total 350208K, used 296249K [0x00000000e0000000, 0x0000000100000000)
  region size 1024K, 129 young (132096K), 7 survivors (7168K)
 Metaspace       used 121774K, capacity 124743K, committed 124828K, reserved 364544K
  class space    used 14194K, capacity 15083K, committed 15104K, reserved 253952K
}
Event: 7367.503 GC heap after
{Heap after GC invocations=133 (full 0):
 garbage-first heap   total 350208K, used 172855K [0x00000000e0000000, 0x0000000100000000)
  region size 1024K, 8 young (8192K), 8 survivors (8192K)
 Metaspace       used 121774K, capacity 124743K, committed 124828K, reserved 364544K
  class space    used 14194K, capacity 15083K, committed 15104K, reserved 253952K
}
Event: 7367.654 GC heap before
{Heap before GC invocations=133 (full 0):
 garbage-first heap   total 350208K, used 182071K [0x00000000e0000000, 0x0000000100000000)
  region size 1024K, 17 young (17408K), 8 survivors (8192K)
 Metaspace       used 121774K, capacity 124743K, committed 124828K, reserved 364544K
  class space    used 14194K, capacity 15083K, committed 15104K, reserved 253952K
}
Event: 7367.676 GC heap after
{Heap after GC invocations=134 (full 0):
 garbage-first heap   total 350208K, used 169872K [0x00000000e0000000, 0x0000000100000000)
  region size 1024K, 2 young (2048K), 2 survivors (2048K)
 Metaspace       used 121774K, capacity 124743K, committed 124828K, reserved 364544K
  class space    used 14194K, capacity 15083K, committed 15104K, reserved 253952K
}
Event: 7367.786 GC heap before
{Heap before GC invocations=134 (full 0):
 garbage-first heap   total 350208K, used 185232K [0x00000000e0000000, 0x0000000100000000)
  region size 1024K, 17 young (17408K), 2 survivors (2048K)
 Metaspace       used 121776K, capacity 124743K, committed 124828K, reserved 364544K
  class space    used 14194K, capacity 15083K, committed 15104K, reserved 253952K
}
Event: 7367.804 GC heap after
{Heap after GC invocations=135 (full 0):
 garbage-first heap   total 350208K, used 169624K [0x00000000e0000000, 0x0000000100000000)
  region size 1024K, 2 young (2048K), 2 survivors (2048K)
 Metaspace       used 121776K, capacity 124743K, committed 124828K, reserved 364544K
  class space    used 14194K, capacity 15083K, committed 15104K, reserved 253952K
}
Event: 7367.933 GC heap before
{Heap before GC invocations=135 (full 0):
 garbage-first heap   total 350208K, used 184984K [0x00000000e0000000, 0x0000000100000000)
  region size 1024K, 17 young (17408K), 2 survivors (2048K)
 Metaspace       used 121776K, capacity 124743K, committed 124828K, reserved 364544K
  class space    used 14194K, capacity 15083K, committed 15104K, reserved 253952K
}
Event: 7367.937 GC heap after
{Heap after GC invocations=136 (full 0):
 garbage-first heap   total 350208K, used 169761K [0x00000000e0000000, 0x0000000100000000)
  region size 1024K, 2 young (2048K), 2 survivors (2048K)
 Metaspace       used 121776K, capacity 124743K, committed 124828K, reserved 364544K
  class space    used 14194K, capacity 15083K, committed 15104K, reserved 253952K
}
Event: 7369.372 GC heap before
{Heap before GC invocations=137 (full 0):
 garbage-first heap   total 350208K, used 291617K [0x00000000e0000000, 0x0000000100000000)
  region size 1024K, 121 young (123904K), 2 survivors (2048K)
 Metaspace       used 121783K, capacity 124743K, committed 124828K, reserved 364544K
  class space    used 14194K, capacity 15083K, committed 15104K, reserved 253952K
}
Event: 7369.382 GC heap after
{Heap after GC invocations=138 (full 0):
 garbage-first heap   total 350208K, used 172295K [0x00000000e0000000, 0x0000000100000000)
  region size 1024K, 5 young (5120K), 5 survivors (5120K)
 Metaspace       used 121783K, capacity 124743K, committed 124828K, reserved 364544K
  class space    used 14194K, capacity 15083K, committed 15104K, reserved 253952K
}
Event: 7369.469 GC heap before
{Heap before GC invocations=138 (full 0):
 garbage-first heap   total 350208K, used 184583K [0x00000000e0000000, 0x0000000100000000)
  region size 1024K, 17 young (17408K), 5 survivors (5120K)
 Metaspace       used 121783K, capacity 124743K, committed 124828K, reserved 364544K
  class space    used 14194K, capacity 15083K, committed 15104K, reserved 253952K
}
Event: 7369.536 GC heap after
{Heap after GC invocations=139 (full 0):
 garbage-first heap   total 350208K, used 160085K [0x00000000e0000000, 0x0000000100000000)
  region size 1024K, 2 young (2048K), 2 survivors (2048K)
 Metaspace       used 121783K, capacity 124743K, committed 124828K, reserved 364544K
  class space    used 14194K, capacity 15083K, committed 15104K, reserved 253952K
}
Event: 7370.609 GC heap before
{Heap before GC invocations=139 (full 0):
 garbage-first heap   total 350208K, used 292181K [0x00000000e0000000, 0x0000000100000000)
  region size 1024K, 131 young (134144K), 2 survivors (2048K)
 Metaspace       used 121784K, capacity 124743K, committed 124828K, reserved 364544K
  class space    used 14194K, capacity 15083K, committed 15104K, reserved 253952K
}
Event: 7370.626 GC heap after
{Heap after GC invocations=140 (full 0):
 garbage-first heap   total 350208K, used 164191K [0x00000000e0000000, 0x0000000100000000)
  region size 1024K, 6 young (6144K), 6 survivors (6144K)
 Metaspace       used 121784K, capacity 124743K, committed 124828K, reserved 364544K
  class space    used 14194K, capacity 15083K, committed 15104K, reserved 253952K
}
Event: 7372.347 GC heap before
{Heap before GC invocations=141 (full 0):
 garbage-first heap   total 350208K, used 251231K [0x00000000e0000000, 0x0000000100000000)
  region size 1024K, 92 young (94208K), 6 survivors (6144K)
 Metaspace       used 121851K, capacity 124807K, committed 124828K, reserved 364544K
  class space    used 14194K, capacity 15083K, committed 15104K, reserved 253952K
}
Event: 7372.362 GC heap after
{Heap after GC invocations=142 (full 0):
 garbage-first heap   total 350208K, used 166213K [0x00000000e0000000, 0x0000000100000000)
  region size 1024K, 8 young (8192K), 8 survivors (8192K)
 Metaspace       used 121851K, capacity 124807K, committed 124828K, reserved 364544K
  class space    used 14194K, capacity 15083K, committed 15104K, reserved 253952K
}
Event: 7375.002 GC heap before
{Heap before GC invocations=143 (full 0):
 garbage-first heap   total 350208K, used 295237K [0x00000000e0000000, 0x0000000100000000)
  region size 1024K, 134 young (137216K), 8 survivors (8192K)
 Metaspace       used 121946K, capacity 124935K, committed 125084K, reserved 364544K
  class space    used 14213K, capacity 15083K, committed 15104K, reserved 253952K
}
Event: 7375.022 GC heap after
{Heap after GC invocations=144 (full 0):
 garbage-first heap   total 350208K, used 168527K [0x00000000e0000000, 0x0000000100000000)
  region size 1024K, 10 young (10240K), 10 survivors (10240K)
 Metaspace       used 121946K, capacity 124935K, committed 125084K, reserved 364544K
  class space    used 14213K, capacity 15083K, committed 15104K, reserved 253952K
}

